Using pre-set license
Built from '2022.3/staging' branch; Version is '2022.3.17f1 (4fc78088f837) revision 5228416'; Using compiler version '192829333'; Build Type 'Release'
OS: 'Windows 10  (10.0.19045) 64bit Core' Language: 'ko' Physical Memory: 31937 MB
BatchMode: 1, IsHumanControllingUs: 0, StartBugReporterOnCrash: 0, Is64bit: 1, IsPro: 1

COMMAND LINE ARGUMENTS:
C:\Program Files\Unity\Hub\Editor\2022.3.17f1\Editor\Unity.exe
-adb2
-batchMode
-noUpm
-name
AssetImportWorker3
-projectPath
C:/Users/AAAAAAA/Documents/GitHub/HellChangRun/Assets
-logFile
Logs/AssetImportWorker3.log
-srvPort
52336
Successfully changed project path to: C:/Users/AAAAAAA/Documents/GitHub/HellChangRun/Assets
C:/Users/AAAAAAA/Documents/GitHub/HellChangRun/Assets
[UnityMemory] Configuration Parameters - Can be set up in boot.config
    "memorysetup-bucket-allocator-granularity=16"
    "memorysetup-bucket-allocator-bucket-count=8"
    "memorysetup-bucket-allocator-block-size=33554432"
    "memorysetup-bucket-allocator-block-count=8"
    "memorysetup-main-allocator-block-size=16777216"
    "memorysetup-thread-allocator-block-size=16777216"
    "memorysetup-gfx-main-allocator-block-size=16777216"
    "memorysetup-gfx-thread-allocator-block-size=16777216"
    "memorysetup-cache-allocator-block-size=4194304"
    "memorysetup-typetree-allocator-block-size=2097152"
    "memorysetup-profiler-bucket-allocator-granularity=16"
    "memorysetup-profiler-bucket-allocator-bucket-count=8"
    "memorysetup-profiler-bucket-allocator-block-size=33554432"
    "memorysetup-profiler-bucket-allocator-block-count=8"
    "memorysetup-profiler-allocator-block-size=16777216"
    "memorysetup-profiler-editor-allocator-block-size=1048576"
    "memorysetup-temp-allocator-size-main=16777216"
    "memorysetup-job-temp-allocator-block-size=2097152"
    "memorysetup-job-temp-allocator-block-size-background=1048576"
    "memorysetup-job-temp-allocator-reduction-small-platforms=262144"
    "memorysetup-allocator-temp-initial-block-size-main=262144"
    "memorysetup-allocator-temp-initial-block-size-worker=262144"
    "memorysetup-temp-allocator-size-background-worker=32768"
    "memorysetup-temp-allocator-size-job-worker=262144"
    "memorysetup-temp-allocator-size-preload-manager=33554432"
    "memorysetup-temp-allocator-size-nav-mesh-worker=65536"
    "memorysetup-temp-allocator-size-audio-worker=65536"
    "memorysetup-temp-allocator-size-cloud-worker=32768"
    "memorysetup-temp-allocator-size-gi-baking-worker=262144"
    "memorysetup-temp-allocator-size-gfx=262144"
Player connection [97624] Host "[IP] 192.168.35.170 [Port] 0 [Flags] 2 [Guid] 3717436640 [EditorId] 3717436640 [Version] 1048832 [Id] WindowsEditor(7,DESKTOP-VS3AD21) [Debug] 1 [PackageName] WindowsEditor [ProjectName] Editor" joined multi-casting on [225.0.0.222:54997]...

Player connection [97624] Host "[IP] 192.168.35.170 [Port] 0 [Flags] 2 [Guid] 3717436640 [EditorId] 3717436640 [Version] 1048832 [Id] WindowsEditor(7,DESKTOP-VS3AD21) [Debug] 1 [PackageName] WindowsEditor [ProjectName] Editor" joined alternative multi-casting on [225.0.0.222:34997]...

[Physics::Module] Initialized MultithreadedJobDispatcher with 15 workers.
Refreshing native plugins compatible for Editor in 0.00 ms, found 0 plugins.
Preloading 0 native plugins for Editor in 0.00 ms.
Initialize engine version: 2022.3.17f1 (4fc78088f837)
[Subsystems] Discovering subsystems at path C:/Program Files/Unity/Hub/Editor/2022.3.17f1/Editor/Data/Resources/UnitySubsystems
[Subsystems] Discovering subsystems at path C:/Users/AAAAAAA/Documents/GitHub/HellChangRun/Assets/Assets
GfxDevice: creating device client; threaded=0; jobified=0
Direct3D:
    Version:  Direct3D 11.0 [level 11.1]
    Renderer: NVIDIA GeForce RTX 4070 SUPER (ID=0x2783)
    Vendor:   NVIDIA
    VRAM:     11999 MB
    Driver:   31.0.15.5212
Initialize mono
Mono path[0] = 'C:/Program Files/Unity/Hub/Editor/2022.3.17f1/Editor/Data/Managed'
Mono path[1] = 'C:/Program Files/Unity/Hub/Editor/2022.3.17f1/Editor/Data/MonoBleedingEdge/lib/mono/unityjit-win32'
Mono config path = 'C:/Program Files/Unity/Hub/Editor/2022.3.17f1/Editor/Data/MonoBleedingEdge/etc'
Using monoOptions --debugger-agent=transport=dt_socket,embedding=1,server=y,suspend=n,address=127.0.0.1:56040
Begin MonoManager ReloadAssembly
Registering precompiled unity dll's ...
Register platform support module: C:/Program Files/Unity/Hub/Editor/2022.3.17f1/Editor/Data/PlaybackEngines/AndroidPlayer/UnityEditor.Android.Extensions.dll
Register platform support module: C:/Program Files/Unity/Hub/Editor/2022.3.17f1/Editor/Data/PlaybackEngines/WindowsStandaloneSupport/UnityEditor.WindowsStandalone.Extensions.dll
Registered in 0.008030 seconds.
- Loaded All Assemblies, in  0.285 seconds
Native extension for WindowsStandalone target not found
Native extension for Android target not found
Android Extension - Scanning For ADB Devices 174 ms
Mono: successfully reloaded assembly
- Finished resetting the current domain, in  0.397 seconds
Domain Reload Profiling: 681ms
	BeginReloadAssembly (84ms)
		ExecutionOrderSort (0ms)
		DisableScriptedObjects (0ms)
		BackupInstance (0ms)
		ReleaseScriptingObjects (0ms)
		CreateAndSetChildDomain (1ms)
	RebuildCommonClasses (28ms)
	RebuildNativeTypeToScriptingClass (8ms)
	initialDomainReloadingComplete (47ms)
	LoadAllAssembliesAndSetupDomain (117ms)
		LoadAssemblies (83ms)
		RebuildTransferFunctionScriptingTraits (0ms)
		AnalyzeDomain (115ms)
			TypeCache.Refresh (114ms)
				TypeCache.ScanAssembly (103ms)
			ScanForSourceGeneratedMonoScriptInfo (0ms)
			ResolveRequiredComponents (0ms)
	FinalizeReload (397ms)
		ReleaseScriptCaches (0ms)
		RebuildScriptCaches (0ms)
		SetupLoadedEditorAssemblies (355ms)
			LogAssemblyErrors (0ms)
			InitializePlatformSupportModulesInManaged (253ms)
			SetLoadedEditorAssemblies (2ms)
			RefreshPlugins (0ms)
			BeforeProcessingInitializeOnLoad (1ms)
			ProcessInitializeOnLoadAttributes (71ms)
			ProcessInitializeOnLoadMethodAttributes (27ms)
			AfterProcessingInitializeOnLoad (0ms)
			EditorAssembliesLoaded (0ms)
		ExecutionOrderSort2 (0ms)
		AwakeInstancesAfterBackupRestoration (0ms)
========================================================================
Worker process is ready to serve import requests
Begin MonoManager ReloadAssembly
- Loaded All Assemblies, in  0.158 seconds
Refreshing native plugins compatible for Editor in 0.00 ms, found 0 plugins.
Native extension for WindowsStandalone target not found
Native extension for Android target not found
Mono: successfully reloaded assembly
- Finished resetting the current domain, in  0.258 seconds
Domain Reload Profiling: 415ms
	BeginReloadAssembly (92ms)
		ExecutionOrderSort (0ms)
		DisableScriptedObjects (3ms)
		BackupInstance (0ms)
		ReleaseScriptingObjects (0ms)
		CreateAndSetChildDomain (16ms)
	RebuildCommonClasses (23ms)
	RebuildNativeTypeToScriptingClass (7ms)
	initialDomainReloadingComplete (17ms)
	LoadAllAssembliesAndSetupDomain (18ms)
		LoadAssemblies (55ms)
		RebuildTransferFunctionScriptingTraits (0ms)
		AnalyzeDomain (15ms)
			TypeCache.Refresh (14ms)
				TypeCache.ScanAssembly (8ms)
			ScanForSourceGeneratedMonoScriptInfo (0ms)
			ResolveRequiredComponents (0ms)
	FinalizeReload (259ms)
		ReleaseScriptCaches (0ms)
		RebuildScriptCaches (0ms)
		SetupLoadedEditorAssemblies (160ms)
			LogAssemblyErrors (0ms)
			InitializePlatformSupportModulesInManaged (19ms)
			SetLoadedEditorAssemblies (4ms)
			RefreshPlugins (0ms)
			BeforeProcessingInitializeOnLoad (24ms)
			ProcessInitializeOnLoadAttributes (96ms)
			ProcessInitializeOnLoadMethodAttributes (11ms)
			AfterProcessingInitializeOnLoad (5ms)
			EditorAssembliesLoaded (0ms)
		ExecutionOrderSort2 (0ms)
		AwakeInstancesAfterBackupRestoration (4ms)
Launched and connected shader compiler UnityShaderCompiler.exe after 0.03 seconds
Refreshing native plugins compatible for Editor in 0.00 ms, found 0 plugins.
Preloading 0 native plugins for Editor in 0.00 ms.
Unloading 19 Unused Serialized files (Serialized files now loaded: 0)
Unloading 3 unused Assets / (48.6 KB). Loaded Objects now: 493.
Memory consumption went from 63.2 MB to 63.1 MB.
Total: 1.917500 ms (FindLiveObjects: 0.052600 ms CreateObjectMapping: 0.003100 ms MarkObjects: 1.822300 ms  DeleteObjects: 0.039000 ms)

AssetImportParameters requested are different than current active one (requested -> active):
  custom:container-muxer-webm: aa71ff27fc2769a1b78a27578f13a17b -> 
  custom:video-encoder-webm-vp8: eb34c28f22e8b96e1ab97ce403110664 -> 
  custom:audio-encoder-webm-vorbis: bf7c407c2cedff20999df2af8eb42d56 -> 
  custom:container-demuxer-ogg: 62fdf1f143b41e24485cea50d1cbac27 -> 
  custom:video-decoder-webm-vp8: 9c59270c3fd7afecdb556c50c9e8de78 -> 
  custom:audio-decoder-ogg-vorbis: bf7c407c2cedff20999df2af8eb42d56 -> 
  custom:AudioImporter_EditorPlatform: d09bf68614088b80899f8185d706f6e7 -> 
  custom:video-decoder-ogg-theora: a1e56fd34408186e4bbccfd4996cb3dc -> 
  custom:container-demuxer-webm: 4f35f7cbe854078d1ac9338744f61a02 -> 
  custom:CustomObjectIndexerAttribute: 6d391050e5a25f67b0a2c618074f2cd9 -> 
  custom:framework-win-MediaFoundation: 216162199b28c13a410421893ffa2e32 -> 
  custom:SearchIndexIgnoredProperties: e643bd26f0fe6173181afceb89e7c659 -> 
========================================================================
Received Import Request.
  Time since last request: 1077147.456030 seconds.
  path: Assets/Food/mortarPestle.fbx
  artifactKey: Guid(a2810089800680c4eb2ec6cf9941e243) Importer(815301076,1909f56bfc062723c751e8b465ee728b)
Start importing Assets/Food/mortarPestle.fbx using Guid(a2810089800680c4eb2ec6cf9941e243) Importer(815301076,1909f56bfc062723c751e8b465ee728b)  -> (artifact id: 'b41c022aa7c73946b5d61985152d38c4') in 0.094262 seconds
Number of updated asset objects reloaded before import = 0
Number of asset objects unloaded after import = 9
========================================================================
Received Import Request.
  Time since last request: 0.000012 seconds.
  path: Assets/Food/meatRaw.fbx
  artifactKey: Guid(0a3670f47d5b4794da805f723774c86c) Importer(815301076,1909f56bfc062723c751e8b465ee728b)
Start importing Assets/Food/meatRaw.fbx using Guid(0a3670f47d5b4794da805f723774c86c) Importer(815301076,1909f56bfc062723c751e8b465ee728b)  -> (artifact id: '509c92ed688c142ac85b3365404ab441') in 0.021006 seconds
Number of updated asset objects reloaded before import = 0
Number of asset objects unloaded after import = 9
========================================================================
Received Import Request.
  Time since last request: 0.000009 seconds.
  path: Assets/Food/loafBaguette.fbx
  artifactKey: Guid(b28aafad1ac0a2140863fc8e76ce9fbd) Importer(815301076,1909f56bfc062723c751e8b465ee728b)
Start importing Assets/Food/loafBaguette.fbx using Guid(b28aafad1ac0a2140863fc8e76ce9fbd) Importer(815301076,1909f56bfc062723c751e8b465ee728b)  -> (artifact id: '187602aa061004593831a68c3826e416') in 0.013866 seconds
Number of updated asset objects reloaded before import = 0
Number of asset objects unloaded after import = 9
========================================================================
Received Import Request.
  Time since last request: 0.000020 seconds.
  path: Assets/Food/mincemeatPie.fbx
  artifactKey: Guid(ad3ec96c254644a42b75f7041fbc321a) Importer(815301076,1909f56bfc062723c751e8b465ee728b)
Start importing Assets/Food/mincemeatPie.fbx using Guid(ad3ec96c254644a42b75f7041fbc321a) Importer(815301076,1909f56bfc062723c751e8b465ee728b)  -> (artifact id: '612342908df8726c89c8307b97940805') in 0.018197 seconds
Number of updated asset objects reloaded before import = 0
Number of asset objects unloaded after import = 10
========================================================================
Received Import Request.
  Time since last request: 0.000012 seconds.
  path: Assets/Food/glass.fbx
  artifactKey: Guid(4d29f9e87aff70b4babc39f16a7f468b) Importer(815301076,1909f56bfc062723c751e8b465ee728b)
Start importing Assets/Food/glass.fbx using Guid(4d29f9e87aff70b4babc39f16a7f468b) Importer(815301076,1909f56bfc062723c751e8b465ee728b)  -> (artifact id: '421ccb0b6ed1eda7f8bd7d7cce883643') in 0.020761 seconds
Number of updated asset objects reloaded before import = 0
Number of asset objects unloaded after import = 8
========================================================================
Received Import Request.
  Time since last request: 0.000011 seconds.
  path: Assets/Food/makiVegetable.fbx
  artifactKey: Guid(345606160851de642b534cbf5268e727) Importer(815301076,1909f56bfc062723c751e8b465ee728b)
Start importing Assets/Food/makiVegetable.fbx using Guid(345606160851de642b534cbf5268e727) Importer(815301076,1909f56bfc062723c751e8b465ee728b)  -> (artifact id: '8d60c1a75231d4eaf46ea12255b2614b') in 0.023076 seconds
Number of updated asset objects reloaded before import = 0
Number of asset objects unloaded after import = 11
========================================================================
Received Import Request.
  Time since last request: 0.062930 seconds.
  path: Assets/Food/mushroom.fbx
  artifactKey: Guid(2bae05ee85235c44b95a711117254d8f) Importer(815301076,1909f56bfc062723c751e8b465ee728b)
Start importing Assets/Food/mushroom.fbx using Guid(2bae05ee85235c44b95a711117254d8f) Importer(815301076,1909f56bfc062723c751e8b465ee728b)  -> (artifact id: 'dceb522d6ee211c955c24a145fc3f491') in 0.014742 seconds
Number of updated asset objects reloaded before import = 0
Number of asset objects unloaded after import = 9
========================================================================
Received Import Request.
  Time since last request: 0.000011 seconds.
  path: Assets/Food/pancakes.fbx
  artifactKey: Guid(7bb91dcf3db0d154aa8e297eb59afeda) Importer(815301076,1909f56bfc062723c751e8b465ee728b)
Start importing Assets/Food/pancakes.fbx using Guid(7bb91dcf3db0d154aa8e297eb59afeda) Importer(815301076,1909f56bfc062723c751e8b465ee728b)  -> (artifact id: '6ba9283aad115d6f3260b647d6d582d9') in 0.036162 seconds
Number of updated asset objects reloaded before import = 0
Number of asset objects unloaded after import = 30
========================================================================
Received Import Request.
  Time since last request: 0.000008 seconds.
  path: Assets/Food/pie.fbx
  artifactKey: Guid(f9fc608532bb58c44a94194e21cd36f5) Importer(815301076,1909f56bfc062723c751e8b465ee728b)
Start importing Assets/Food/pie.fbx using Guid(f9fc608532bb58c44a94194e21cd36f5) Importer(815301076,1909f56bfc062723c751e8b465ee728b)  -> (artifact id: 'c286a3b8efee2dcaeb1e356e351eda65') in 0.019766 seconds
Number of updated asset objects reloaded before import = 0
Number of asset objects unloaded after import = 11
========================================================================
Received Import Request.
  Time since last request: 0.000009 seconds.
  path: Assets/Food/pumpkin.fbx
  artifactKey: Guid(90a565fa55fc9d3469f3f510d5365bde) Importer(815301076,1909f56bfc062723c751e8b465ee728b)
Start importing Assets/Food/pumpkin.fbx using Guid(90a565fa55fc9d3469f3f510d5365bde) Importer(815301076,1909f56bfc062723c751e8b465ee728b)  -> (artifact id: '8cf0cfcbc0004e416c53b32448b8062c') in 0.014958 seconds
Number of updated asset objects reloaded before import = 0
Number of asset objects unloaded after import = 9
========================================================================
Received Import Request.
  Time since last request: 0.000007 seconds.
  path: Assets/Food/plateSauerkraut.fbx
  artifactKey: Guid(238c126de16add54a8c0f7a051ff4380) Importer(815301076,1909f56bfc062723c751e8b465ee728b)
Start importing Assets/Food/plateSauerkraut.fbx using Guid(238c126de16add54a8c0f7a051ff4380) Importer(815301076,1909f56bfc062723c751e8b465ee728b)  -> (artifact id: '2c3e794124c5887c07d5851813059711') in 0.025641 seconds
Number of updated asset objects reloaded before import = 0
Number of asset objects unloaded after import = 15
========================================================================
Received Import Request.
  Time since last request: 0.000009 seconds.
  path: Assets/Food/paprikaSlice.fbx
  artifactKey: Guid(1fdcad11f81a1e442aa353865de2a391) Importer(815301076,1909f56bfc062723c751e8b465ee728b)
Start importing Assets/Food/paprikaSlice.fbx using Guid(1fdcad11f81a1e442aa353865de2a391) Importer(815301076,1909f56bfc062723c751e8b465ee728b)  -> (artifact id: 'e4f0c4d7d99a89d15ec5424202e6bac2') in 0.009915 seconds
Number of updated asset objects reloaded before import = 0
Number of asset objects unloaded after import = 8
========================================================================
Received Import Request.
  Time since last request: 0.000008 seconds.
  path: Assets/Food/pear.fbx
  artifactKey: Guid(8865ed83082647e46a9deb870d92ca57) Importer(815301076,1909f56bfc062723c751e8b465ee728b)
Start importing Assets/Food/pear.fbx using Guid(8865ed83082647e46a9deb870d92ca57) Importer(815301076,1909f56bfc062723c751e8b465ee728b)  -> (artifact id: '35a7d41a76efd96ad23c0c223da23bcc') in 0.021815 seconds
Number of updated asset objects reloaded before import = 0
Number of asset objects unloaded after import = 9
========================================================================
Received Import Request.
  Time since last request: 0.000010 seconds.
  path: Assets/Food/mussel.fbx
  artifactKey: Guid(dff585ae444310540ba1cb00a0b3bb62) Importer(815301076,1909f56bfc062723c751e8b465ee728b)
Start importing Assets/Food/mussel.fbx using Guid(dff585ae444310540ba1cb00a0b3bb62) Importer(815301076,1909f56bfc062723c751e8b465ee728b)  -> (artifact id: 'e1fb537f656283af01306854075bcf77') in 0.010900 seconds
Number of updated asset objects reloaded before import = 0
Number of asset objects unloaded after import = 8
========================================================================
Received Import Request.
  Time since last request: 0.000008 seconds.
  path: Assets/Food/potLid.fbx
  artifactKey: Guid(453a1657b22462d458dcefcf86f457aa) Importer(815301076,1909f56bfc062723c751e8b465ee728b)
Start importing Assets/Food/potLid.fbx using Guid(453a1657b22462d458dcefcf86f457aa) Importer(815301076,1909f56bfc062723c751e8b465ee728b)  -> (artifact id: '6ff76fc2b130525a46c910c669895f88') in 0.020375 seconds
Number of updated asset objects reloaded before import = 0
Number of asset objects unloaded after import = 9
========================================================================
Received Import Request.
  Time since last request: 0.000015 seconds.
  path: Assets/Food/plateRectangle.fbx
  artifactKey: Guid(6cbf2b187f039ed4097302f3564a91f7) Importer(815301076,1909f56bfc062723c751e8b465ee728b)
Start importing Assets/Food/plateRectangle.fbx using Guid(6cbf2b187f039ed4097302f3564a91f7) Importer(815301076,1909f56bfc062723c751e8b465ee728b)  -> (artifact id: '4ab1e37a4014cb4f8de8026206ad9085') in 0.011636 seconds
Number of updated asset objects reloaded before import = 0
Number of asset objects unloaded after import = 8
========================================================================
Received Import Request.
  Time since last request: 0.000008 seconds.
  path: Assets/Food/plate.fbx
  artifactKey: Guid(1952f310c6b72ac4b845ec043c1f92d6) Importer(815301076,1909f56bfc062723c751e8b465ee728b)
Start importing Assets/Food/plate.fbx using Guid(1952f310c6b72ac4b845ec043c1f92d6) Importer(815301076,1909f56bfc062723c751e8b465ee728b)  -> (artifact id: 'a33dc36756d8ec3003c8ad6572460101') in 0.019022 seconds
Number of updated asset objects reloaded before import = 0
Number of asset objects unloaded after import = 8
========================================================================
Received Import Request.
  Time since last request: 0.000010 seconds.
  path: Assets/Food/popsicleChocolate.fbx
  artifactKey: Guid(e6806c79263401a4fa0460f21d52f8b7) Importer(815301076,1909f56bfc062723c751e8b465ee728b)
Start importing Assets/Food/popsicleChocolate.fbx using Guid(e6806c79263401a4fa0460f21d52f8b7) Importer(815301076,1909f56bfc062723c751e8b465ee728b)  -> (artifact id: 'd118f628cd02ba31bf0deb82abcf8878') in 0.015938 seconds
Number of updated asset objects reloaded before import = 0
Number of asset objects unloaded after import = 10
========================================================================
Received Import Request.
  Time since last request: 0.130009 seconds.
  path: Assets/Food/rollingPin.fbx
  artifactKey: Guid(9ecf7fa87f260834a9a8f488707e6930) Importer(815301076,1909f56bfc062723c751e8b465ee728b)
Start importing Assets/Food/rollingPin.fbx using Guid(9ecf7fa87f260834a9a8f488707e6930) Importer(815301076,1909f56bfc062723c751e8b465ee728b)  -> (artifact id: '2accb96e23bedab10eb8863906ae861d') in 0.014564 seconds
Number of updated asset objects reloaded before import = 0
Number of asset objects unloaded after import = 9
========================================================================
Received Import Request.
  Time since last request: 0.000010 seconds.
  path: Assets/Food/shakerPepper.fbx
  artifactKey: Guid(a8730a31d149f934695106706bdc265a) Importer(815301076,1909f56bfc062723c751e8b465ee728b)
Start importing Assets/Food/shakerPepper.fbx using Guid(a8730a31d149f934695106706bdc265a) Importer(815301076,1909f56bfc062723c751e8b465ee728b)  -> (artifact id: '6899e77ce3ee82c3fa0d0e37f06b348c') in 0.018076 seconds
Number of updated asset objects reloaded before import = 0
Number of asset objects unloaded after import = 10
========================================================================
Received Import Request.
  Time since last request: 0.000010 seconds.
  path: Assets/Food/sushiSalmon.fbx
  artifactKey: Guid(a4779e2e0bb685744b49754d17a6a7fa) Importer(815301076,1909f56bfc062723c751e8b465ee728b)
Start importing Assets/Food/sushiSalmon.fbx using Guid(a4779e2e0bb685744b49754d17a6a7fa) Importer(815301076,1909f56bfc062723c751e8b465ee728b)  -> (artifact id: '57b5e82cb938b0ce043e8a541bdd4b95') in 0.023041 seconds
Number of updated asset objects reloaded before import = 0
Number of asset objects unloaded after import = 15
========================================================================
Received Import Request.
  Time since last request: 0.000014 seconds.
  path: Assets/Food/steamer.fbx
  artifactKey: Guid(eb76e37f93122c0448756bdad795f404) Importer(815301076,1909f56bfc062723c751e8b465ee728b)
Start importing Assets/Food/steamer.fbx using Guid(eb76e37f93122c0448756bdad795f404) Importer(815301076,1909f56bfc062723c751e8b465ee728b)  -> (artifact id: '93a899d8cc1cf01f454dbd8d0d7ca5e4') in 0.031228 seconds
Number of updated asset objects reloaded before import = 0
Number of asset objects unloaded after import = 27
========================================================================
Received Import Request.
  Time since last request: 0.000008 seconds.
  path: Assets/Food/styrofoam.fbx
  artifactKey: Guid(8b56be7abb2b1d14e9030f80aa755536) Importer(815301076,1909f56bfc062723c751e8b465ee728b)
Start importing Assets/Food/styrofoam.fbx using Guid(8b56be7abb2b1d14e9030f80aa755536) Importer(815301076,1909f56bfc062723c751e8b465ee728b)  -> (artifact id: 'c4e249aecd75523138b9567f0eeafbd7') in 0.021516 seconds
Number of updated asset objects reloaded before import = 0
Number of asset objects unloaded after import = 13
========================================================================
Received Import Request.
  Time since last request: 0.000013 seconds.
  path: Assets/Food/shakerSalt.fbx
  artifactKey: Guid(19308935fdb163a43afa13250d045b62) Importer(815301076,1909f56bfc062723c751e8b465ee728b)
Start importing Assets/Food/shakerSalt.fbx using Guid(19308935fdb163a43afa13250d045b62) Importer(815301076,1909f56bfc062723c751e8b465ee728b)  -> (artifact id: '75689bf3d997063c57564bf0881dcd47') in 0.021921 seconds
Number of updated asset objects reloaded before import = 0
Number of asset objects unloaded after import = 10
========================================================================
Received Import Request.
  Time since last request: 0.000014 seconds.
  path: Assets/Food/sushiEgg.fbx
  artifactKey: Guid(de6ca1f2aaf92d549aadd30f180d1764) Importer(815301076,1909f56bfc062723c751e8b465ee728b)
Start importing Assets/Food/sushiEgg.fbx using Guid(de6ca1f2aaf92d549aadd30f180d1764) Importer(815301076,1909f56bfc062723c751e8b465ee728b)  -> (artifact id: 'f474bd3e06c74fdc1ef4eebd64f9289e') in 0.026072 seconds
Number of updated asset objects reloaded before import = 0
Number of asset objects unloaded after import = 15
========================================================================
Received Import Request.
  Time since last request: 0.191592 seconds.
  path: Assets/Food/tomato.fbx
  artifactKey: Guid(3b27a1a531f10f741a1ae985f30487e4) Importer(815301076,1909f56bfc062723c751e8b465ee728b)
Start importing Assets/Food/tomato.fbx using Guid(3b27a1a531f10f741a1ae985f30487e4) Importer(815301076,1909f56bfc062723c751e8b465ee728b)  -> (artifact id: 'f880b5e3738f0d99def060883e1130c8') in 0.014779 seconds
Number of updated asset objects reloaded before import = 0
Number of asset objects unloaded after import = 9
========================================================================
Received Import Request.
  Time since last request: 0.000012 seconds.
  path: Assets/Food/whisk.fbx
  artifactKey: Guid(f449f9be418147146ac558065dcd65d6) Importer(815301076,1909f56bfc062723c751e8b465ee728b)
Start importing Assets/Food/whisk.fbx using Guid(f449f9be418147146ac558065dcd65d6) Importer(815301076,1909f56bfc062723c751e8b465ee728b)  -> (artifact id: '9b0c4c8bf3dfba199883317105bc86db') in 0.014478 seconds
Number of updated asset objects reloaded before import = 0
Number of asset objects unloaded after import = 9
========================================================================
Received Import Request.
  Time since last request: 0.000008 seconds.
  path: Assets/Food/utensilSpoon.fbx
  artifactKey: Guid(4d43f1a439d31d8498db5bb8410990f1) Importer(815301076,1909f56bfc062723c751e8b465ee728b)
Start importing Assets/Food/utensilSpoon.fbx using Guid(4d43f1a439d31d8498db5bb8410990f1) Importer(815301076,1909f56bfc062723c751e8b465ee728b)  -> (artifact id: 'ac17fbfc50e0dc4cd26511b4340c1a25') in 0.016005 seconds
Number of updated asset objects reloaded before import = 0
Number of asset objects unloaded after import = 8
========================================================================
Received Import Request.
  Time since last request: 0.000008 seconds.
  path: Assets/Food/waffle.fbx
  artifactKey: Guid(8643ba62465bd744f9b4d501d02bf6e5) Importer(815301076,1909f56bfc062723c751e8b465ee728b)
Start importing Assets/Food/waffle.fbx using Guid(8643ba62465bd744f9b4d501d02bf6e5) Importer(815301076,1909f56bfc062723c751e8b465ee728b)  -> (artifact id: 'c1f6aae7fa7ca84cc6b19fdde0e7ff16') in 0.011229 seconds
Number of updated asset objects reloaded before import = 0
Number of asset objects unloaded after import = 8
========================================================================
Received Import Request.
  Time since last request: 0.000010 seconds.
  path: Assets/Food/tomatoSlice.fbx
  artifactKey: Guid(07379c8c12e560f469cec2ac95ff7b7b) Importer(815301076,1909f56bfc062723c751e8b465ee728b)
Start importing Assets/Food/tomatoSlice.fbx using Guid(07379c8c12e560f469cec2ac95ff7b7b) Importer(815301076,1909f56bfc062723c751e8b465ee728b)  -> (artifact id: '29ff83a2b1064fe56cfe71d534354ad4') in 0.016824 seconds
Number of updated asset objects reloaded before import = 0
Number of asset objects unloaded after import = 9
========================================================================
Received Import Request.
  Time since last request: 0.000007 seconds.
  path: Assets/Food/wineWhite.fbx
  artifactKey: Guid(af5bbe45785c8b24ab8f1fadbbce97d6) Importer(815301076,1909f56bfc062723c751e8b465ee728b)
Start importing Assets/Food/wineWhite.fbx using Guid(af5bbe45785c8b24ab8f1fadbbce97d6) Importer(815301076,1909f56bfc062723c751e8b465ee728b)  -> (artifact id: '877d48eef8ea1d132cfaf45ce673d29c') in 0.013858 seconds
Number of updated asset objects reloaded before import = 0
Number of asset objects unloaded after import = 10
