Using pre-set license
Built from '2022.3/staging' branch; Version is '2022.3.17f1 (4fc78088f837) revision 5228416'; Using compiler version '192829333'; Build Type 'Release'
OS: 'Windows 10  (10.0.19045) 64bit Core' Language: 'ko' Physical Memory: 31937 MB
BatchMode: 1, IsHumanControllingUs: 0, StartBugReporterOnCrash: 0, Is64bit: 1, IsPro: 1

COMMAND LINE ARGUMENTS:
C:\Program Files\Unity\Hub\Editor\2022.3.17f1\Editor\Unity.exe
-adb2
-batchMode
-noUpm
-name
AssetImportWorker1
-projectPath
C:/Users/AAAAAAA/Documents/GitHub/HellChangRun/Assets
-logFile
Logs/AssetImportWorker1.log
-srvPort
52336
Successfully changed project path to: C:/Users/AAAAAAA/Documents/GitHub/HellChangRun/Assets
C:/Users/AAAAAAA/Documents/GitHub/HellChangRun/Assets
[UnityMemory] Configuration Parameters - Can be set up in boot.config
    "memorysetup-bucket-allocator-granularity=16"
    "memorysetup-bucket-allocator-bucket-count=8"
    "memorysetup-bucket-allocator-block-size=33554432"
    "memorysetup-bucket-allocator-block-count=8"
    "memorysetup-main-allocator-block-size=16777216"
    "memorysetup-thread-allocator-block-size=16777216"
    "memorysetup-gfx-main-allocator-block-size=16777216"
    "memorysetup-gfx-thread-allocator-block-size=16777216"
    "memorysetup-cache-allocator-block-size=4194304"
    "memorysetup-typetree-allocator-block-size=2097152"
    "memorysetup-profiler-bucket-allocator-granularity=16"
    "memorysetup-profiler-bucket-allocator-bucket-count=8"
    "memorysetup-profiler-bucket-allocator-block-size=33554432"
    "memorysetup-profiler-bucket-allocator-block-count=8"
    "memorysetup-profiler-allocator-block-size=16777216"
    "memorysetup-profiler-editor-allocator-block-size=1048576"
    "memorysetup-temp-allocator-size-main=16777216"
    "memorysetup-job-temp-allocator-block-size=2097152"
    "memorysetup-job-temp-allocator-block-size-background=1048576"
    "memorysetup-job-temp-allocator-reduction-small-platforms=262144"
    "memorysetup-allocator-temp-initial-block-size-main=262144"
    "memorysetup-allocator-temp-initial-block-size-worker=262144"
    "memorysetup-temp-allocator-size-background-worker=32768"
    "memorysetup-temp-allocator-size-job-worker=262144"
    "memorysetup-temp-allocator-size-preload-manager=33554432"
    "memorysetup-temp-allocator-size-nav-mesh-worker=65536"
    "memorysetup-temp-allocator-size-audio-worker=65536"
    "memorysetup-temp-allocator-size-cloud-worker=32768"
    "memorysetup-temp-allocator-size-gi-baking-worker=262144"
    "memorysetup-temp-allocator-size-gfx=262144"
Player connection [108248] Host "[IP] 192.168.35.170 [Port] 0 [Flags] 2 [Guid] 1049569180 [EditorId] 1049569180 [Version] 1048832 [Id] WindowsEditor(7,DESKTOP-VS3AD21) [Debug] 1 [PackageName] WindowsEditor [ProjectName] Editor" joined multi-casting on [225.0.0.222:54997]...

Player connection [108248] Host "[IP] 192.168.35.170 [Port] 0 [Flags] 2 [Guid] 1049569180 [EditorId] 1049569180 [Version] 1048832 [Id] WindowsEditor(7,DESKTOP-VS3AD21) [Debug] 1 [PackageName] WindowsEditor [ProjectName] Editor" joined alternative multi-casting on [225.0.0.222:34997]...

[Physics::Module] Initialized MultithreadedJobDispatcher with 15 workers.
Refreshing native plugins compatible for Editor in 0.00 ms, found 0 plugins.
Preloading 0 native plugins for Editor in 0.00 ms.
Initialize engine version: 2022.3.17f1 (4fc78088f837)
[Subsystems] Discovering subsystems at path C:/Program Files/Unity/Hub/Editor/2022.3.17f1/Editor/Data/Resources/UnitySubsystems
[Subsystems] Discovering subsystems at path C:/Users/AAAAAAA/Documents/GitHub/HellChangRun/Assets/Assets
GfxDevice: creating device client; threaded=0; jobified=0
Direct3D:
    Version:  Direct3D 11.0 [level 11.1]
    Renderer: NVIDIA GeForce RTX 4070 SUPER (ID=0x2783)
    Vendor:   NVIDIA
    VRAM:     11999 MB
    Driver:   31.0.15.5212
Initialize mono
Mono path[0] = 'C:/Program Files/Unity/Hub/Editor/2022.3.17f1/Editor/Data/Managed'
Mono path[1] = 'C:/Program Files/Unity/Hub/Editor/2022.3.17f1/Editor/Data/MonoBleedingEdge/lib/mono/unityjit-win32'
Mono config path = 'C:/Program Files/Unity/Hub/Editor/2022.3.17f1/Editor/Data/MonoBleedingEdge/etc'
Using monoOptions --debugger-agent=transport=dt_socket,embedding=1,server=y,suspend=n,address=127.0.0.1:56608
Begin MonoManager ReloadAssembly
Registering precompiled unity dll's ...
Register platform support module: C:/Program Files/Unity/Hub/Editor/2022.3.17f1/Editor/Data/PlaybackEngines/AndroidPlayer/UnityEditor.Android.Extensions.dll
Register platform support module: C:/Program Files/Unity/Hub/Editor/2022.3.17f1/Editor/Data/PlaybackEngines/WindowsStandaloneSupport/UnityEditor.WindowsStandalone.Extensions.dll
Registered in 0.008296 seconds.
- Loaded All Assemblies, in  0.274 seconds
Native extension for WindowsStandalone target not found
Native extension for Android target not found
Android Extension - Scanning For ADB Devices 197 ms
Mono: successfully reloaded assembly
- Finished resetting the current domain, in  0.419 seconds
Domain Reload Profiling: 691ms
	BeginReloadAssembly (81ms)
		ExecutionOrderSort (0ms)
		DisableScriptedObjects (0ms)
		BackupInstance (0ms)
		ReleaseScriptingObjects (0ms)
		CreateAndSetChildDomain (0ms)
	RebuildCommonClasses (28ms)
	RebuildNativeTypeToScriptingClass (8ms)
	initialDomainReloadingComplete (46ms)
	LoadAllAssembliesAndSetupDomain (109ms)
		LoadAssemblies (80ms)
		RebuildTransferFunctionScriptingTraits (0ms)
		AnalyzeDomain (107ms)
			TypeCache.Refresh (106ms)
				TypeCache.ScanAssembly (94ms)
			ScanForSourceGeneratedMonoScriptInfo (0ms)
			ResolveRequiredComponents (0ms)
	FinalizeReload (419ms)
		ReleaseScriptCaches (0ms)
		RebuildScriptCaches (0ms)
		SetupLoadedEditorAssemblies (381ms)
			LogAssemblyErrors (0ms)
			InitializePlatformSupportModulesInManaged (271ms)
			SetLoadedEditorAssemblies (3ms)
			RefreshPlugins (0ms)
			BeforeProcessingInitializeOnLoad (1ms)
			ProcessInitializeOnLoadAttributes (76ms)
			ProcessInitializeOnLoadMethodAttributes (29ms)
			AfterProcessingInitializeOnLoad (0ms)
			EditorAssembliesLoaded (0ms)
		ExecutionOrderSort2 (0ms)
		AwakeInstancesAfterBackupRestoration (0ms)
========================================================================
Worker process is ready to serve import requests
Begin MonoManager ReloadAssembly
- Loaded All Assemblies, in  0.169 seconds
Refreshing native plugins compatible for Editor in 0.00 ms, found 0 plugins.
Native extension for WindowsStandalone target not found
Native extension for Android target not found
Mono: successfully reloaded assembly
- Finished resetting the current domain, in  0.248 seconds
Domain Reload Profiling: 416ms
	BeginReloadAssembly (103ms)
		ExecutionOrderSort (0ms)
		DisableScriptedObjects (3ms)
		BackupInstance (0ms)
		ReleaseScriptingObjects (0ms)
		CreateAndSetChildDomain (16ms)
	RebuildCommonClasses (26ms)
	RebuildNativeTypeToScriptingClass (9ms)
	initialDomainReloadingComplete (16ms)
	LoadAllAssembliesAndSetupDomain (13ms)
		LoadAssemblies (66ms)
		RebuildTransferFunctionScriptingTraits (0ms)
		AnalyzeDomain (11ms)
			TypeCache.Refresh (10ms)
				TypeCache.ScanAssembly (6ms)
			ScanForSourceGeneratedMonoScriptInfo (0ms)
			ResolveRequiredComponents (0ms)
	FinalizeReload (248ms)
		ReleaseScriptCaches (0ms)
		RebuildScriptCaches (0ms)
		SetupLoadedEditorAssemblies (165ms)
			LogAssemblyErrors (0ms)
			InitializePlatformSupportModulesInManaged (19ms)
			SetLoadedEditorAssemblies (4ms)
			RefreshPlugins (0ms)
			BeforeProcessingInitializeOnLoad (27ms)
			ProcessInitializeOnLoadAttributes (96ms)
			ProcessInitializeOnLoadMethodAttributes (12ms)
			AfterProcessingInitializeOnLoad (7ms)
			EditorAssembliesLoaded (0ms)
		ExecutionOrderSort2 (0ms)
		AwakeInstancesAfterBackupRestoration (4ms)
Launched and connected shader compiler UnityShaderCompiler.exe after 0.03 seconds
Refreshing native plugins compatible for Editor in 0.00 ms, found 0 plugins.
Preloading 0 native plugins for Editor in 0.00 ms.
Unloading 19 Unused Serialized files (Serialized files now loaded: 0)
Unloading 3 unused Assets / (48.6 KB). Loaded Objects now: 493.
Memory consumption went from 63.2 MB to 63.2 MB.
Total: 1.549100 ms (FindLiveObjects: 0.032700 ms CreateObjectMapping: 0.002000 ms MarkObjects: 1.475600 ms  DeleteObjects: 0.038300 ms)

AssetImportParameters requested are different than current active one (requested -> active):
  custom:container-muxer-webm: aa71ff27fc2769a1b78a27578f13a17b -> 
  custom:video-encoder-webm-vp8: eb34c28f22e8b96e1ab97ce403110664 -> 
  custom:audio-encoder-webm-vorbis: bf7c407c2cedff20999df2af8eb42d56 -> 
  custom:container-demuxer-ogg: 62fdf1f143b41e24485cea50d1cbac27 -> 
  custom:video-decoder-webm-vp8: 9c59270c3fd7afecdb556c50c9e8de78 -> 
  custom:audio-decoder-ogg-vorbis: bf7c407c2cedff20999df2af8eb42d56 -> 
  custom:AudioImporter_EditorPlatform: d09bf68614088b80899f8185d706f6e7 -> 
  custom:video-decoder-ogg-theora: a1e56fd34408186e4bbccfd4996cb3dc -> 
  custom:container-demuxer-webm: 4f35f7cbe854078d1ac9338744f61a02 -> 
  custom:CustomObjectIndexerAttribute: 6d391050e5a25f67b0a2c618074f2cd9 -> 
  custom:framework-win-MediaFoundation: 216162199b28c13a410421893ffa2e32 -> 
  custom:SearchIndexIgnoredProperties: e643bd26f0fe6173181afceb89e7c659 -> 
========================================================================
Received Import Request.
  Time since last request: 1077145.866496 seconds.
  path: Assets/Food/appleHalf.fbx
  artifactKey: Guid(96ab7df859374dd488508238c607618d) Importer(815301076,1909f56bfc062723c751e8b465ee728b)
Start importing Assets/Food/appleHalf.fbx using Guid(96ab7df859374dd488508238c607618d) Importer(815301076,1909f56bfc062723c751e8b465ee728b)  -> (artifact id: 'e7efc4e4da6d6698821270564a9fff3b') in 0.238921 seconds
Number of updated asset objects reloaded before import = 0
Number of asset objects unloaded after import = 12
========================================================================
Received Import Request.
  Time since last request: 0.000011 seconds.
  path: Assets/Food/bottleMusterd.fbx
  artifactKey: Guid(643651f632dc05841ae9e0912c602370) Importer(815301076,1909f56bfc062723c751e8b465ee728b)
Start importing Assets/Food/bottleMusterd.fbx using Guid(643651f632dc05841ae9e0912c602370) Importer(815301076,1909f56bfc062723c751e8b465ee728b)  -> (artifact id: '144c5cc3a920fdb56edc08999ef5f643') in 0.023891 seconds
Number of updated asset objects reloaded before import = 0
Number of asset objects unloaded after import = 8
========================================================================
Received Import Request.
  Time since last request: 0.000018 seconds.
  path: Assets/Food/candyBar.fbx
  artifactKey: Guid(c5b7ae859dd23ec418180630710b189f) Importer(815301076,1909f56bfc062723c751e8b465ee728b)
Start importing Assets/Food/candyBar.fbx using Guid(c5b7ae859dd23ec418180630710b189f) Importer(815301076,1909f56bfc062723c751e8b465ee728b)  -> (artifact id: 'b92cc44f3caf352c1e5508fd227d7590') in 0.011054 seconds
Number of updated asset objects reloaded before import = 0
Number of asset objects unloaded after import = 8
========================================================================
Received Import Request.
  Time since last request: 0.000008 seconds.
  path: Assets/Food/cookingFork.fbx
  artifactKey: Guid(d497cd2b1f827e94a84d9a18a6c5506f) Importer(815301076,1909f56bfc062723c751e8b465ee728b)
Start importing Assets/Food/cookingFork.fbx using Guid(d497cd2b1f827e94a84d9a18a6c5506f) Importer(815301076,1909f56bfc062723c751e8b465ee728b)  -> (artifact id: 'baafff839104d288b3acf003dd8fe5fb') in 0.020856 seconds
Number of updated asset objects reloaded before import = 0
Number of asset objects unloaded after import = 9
========================================================================
Received Import Request.
  Time since last request: 0.000008 seconds.
  path: Assets/Food/bowl.fbx
  artifactKey: Guid(75523ffc26244634a883f49da389e7a3) Importer(815301076,1909f56bfc062723c751e8b465ee728b)
Start importing Assets/Food/bowl.fbx using Guid(75523ffc26244634a883f49da389e7a3) Importer(815301076,1909f56bfc062723c751e8b465ee728b)  -> (artifact id: 'd8201b05c0990a6e88769340d7a45562') in 0.010655 seconds
Number of updated asset objects reloaded before import = 0
Number of asset objects unloaded after import = 8
========================================================================
Received Import Request.
  Time since last request: 0.000020 seconds.
  path: Assets/Food/celeryStick.fbx
  artifactKey: Guid(764fab2d20c5acf4f97a9eb0a23cfc5a) Importer(815301076,1909f56bfc062723c751e8b465ee728b)
Start importing Assets/Food/celeryStick.fbx using Guid(764fab2d20c5acf4f97a9eb0a23cfc5a) Importer(815301076,1909f56bfc062723c751e8b465ee728b)  -> (artifact id: 'f0953e86473337bab70ca2c6a87f4e19') in 0.024941 seconds
Number of updated asset objects reloaded before import = 0
Number of asset objects unloaded after import = 9
========================================================================
Received Import Request.
  Time since last request: 0.000009 seconds.
  path: Assets/Food/bagFlat.fbx
  artifactKey: Guid(77dbf01e977b509438347565721ddf8b) Importer(815301076,1909f56bfc062723c751e8b465ee728b)
Start importing Assets/Food/bagFlat.fbx using Guid(77dbf01e977b509438347565721ddf8b) Importer(815301076,1909f56bfc062723c751e8b465ee728b)  -> (artifact id: '5884f5bc3a2f0d5e1505805bf883bb24') in 0.011440 seconds
Number of updated asset objects reloaded before import = 0
Number of asset objects unloaded after import = 8
========================================================================
Received Import Request.
  Time since last request: 0.000011 seconds.
  path: Assets/Food/banana.fbx
  artifactKey: Guid(0348d8158514ac243988c7554c49639c) Importer(815301076,1909f56bfc062723c751e8b465ee728b)
Start importing Assets/Food/banana.fbx using Guid(0348d8158514ac243988c7554c49639c) Importer(815301076,1909f56bfc062723c751e8b465ee728b)  -> (artifact id: '61dafb40ef1fbe65e0e27616a71ff0aa') in 0.018473 seconds
Number of updated asset objects reloaded before import = 0
Number of asset objects unloaded after import = 9
========================================================================
Received Import Request.
  Time since last request: 0.000008 seconds.
  path: Assets/Food/coconutHalf.fbx
  artifactKey: Guid(29260fa15955b1a4fbce0fe7f0be19da) Importer(815301076,1909f56bfc062723c751e8b465ee728b)
Start importing Assets/Food/coconutHalf.fbx using Guid(29260fa15955b1a4fbce0fe7f0be19da) Importer(815301076,1909f56bfc062723c751e8b465ee728b)  -> (artifact id: '99686956d14a53e4e3b1718e0725c78f') in 0.013239 seconds
Number of updated asset objects reloaded before import = 0
Number of asset objects unloaded after import = 9
========================================================================
Received Import Request.
  Time since last request: 0.000009 seconds.
  path: Assets/Food/bowlSoup.fbx
  artifactKey: Guid(839d1c28c9d8a604dbd9f2359fc0ac29) Importer(815301076,1909f56bfc062723c751e8b465ee728b)
Start importing Assets/Food/bowlSoup.fbx using Guid(839d1c28c9d8a604dbd9f2359fc0ac29) Importer(815301076,1909f56bfc062723c751e8b465ee728b)  -> (artifact id: '9d175b093115fc09a6fa013303902edc') in 0.019557 seconds
Number of updated asset objects reloaded before import = 0
Number of asset objects unloaded after import = 12
========================================================================
Received Import Request.
  Time since last request: 0.000013 seconds.
  path: Assets/Food/cakeSlicer.fbx
  artifactKey: Guid(015093129456f564e986483dd281e4b9) Importer(815301076,1909f56bfc062723c751e8b465ee728b)
Start importing Assets/Food/cakeSlicer.fbx using Guid(015093129456f564e986483dd281e4b9) Importer(815301076,1909f56bfc062723c751e8b465ee728b)  -> (artifact id: '0004fa3550ee29f2a9228f7631cfa98c') in 0.015435 seconds
Number of updated asset objects reloaded before import = 0
Number of asset objects unloaded after import = 9
========================================================================
Received Import Request.
  Time since last request: 0.000008 seconds.
  path: Assets/Food/cookieChocolate.fbx
  artifactKey: Guid(504ee62feca8aa64ebeac5613e88e317) Importer(815301076,1909f56bfc062723c751e8b465ee728b)
Start importing Assets/Food/cookieChocolate.fbx using Guid(504ee62feca8aa64ebeac5613e88e317) Importer(815301076,1909f56bfc062723c751e8b465ee728b)  -> (artifact id: 'd02a047f19d5127d88b5fa169d7baad3') in 0.014522 seconds
Number of updated asset objects reloaded before import = 0
Number of asset objects unloaded after import = 9
========================================================================
Received Import Request.
  Time since last request: 0.000010 seconds.
  path: Assets/Food/chocolateWrapper.fbx
  artifactKey: Guid(c2a4e2dd9da849549b407542378a43d4) Importer(815301076,1909f56bfc062723c751e8b465ee728b)
Start importing Assets/Food/chocolateWrapper.fbx using Guid(c2a4e2dd9da849549b407542378a43d4) Importer(815301076,1909f56bfc062723c751e8b465ee728b)  -> (artifact id: '4d1133e73d5d363474f0a8f81f606ce5') in 0.015625 seconds
Number of updated asset objects reloaded before import = 0
Number of asset objects unloaded after import = 10
========================================================================
Received Import Request.
  Time since last request: 0.000009 seconds.
  path: Assets/Food/canOpen.fbx
  artifactKey: Guid(e4a997fa2bb6fa148bbeea0a7582a175) Importer(815301076,1909f56bfc062723c751e8b465ee728b)
Start importing Assets/Food/canOpen.fbx using Guid(e4a997fa2bb6fa148bbeea0a7582a175) Importer(815301076,1909f56bfc062723c751e8b465ee728b)  -> (artifact id: '8beded2dc5c826ca37ac248c8b7ba137') in 0.021765 seconds
Number of updated asset objects reloaded before import = 0
Number of asset objects unloaded after import = 11
========================================================================
Received Import Request.
  Time since last request: 0.000009 seconds.
  path: Assets/Food/canSmall.fbx
  artifactKey: Guid(5391d233d327a994fa7c4cd713133fbd) Importer(815301076,1909f56bfc062723c751e8b465ee728b)
Start importing Assets/Food/canSmall.fbx using Guid(5391d233d327a994fa7c4cd713133fbd) Importer(815301076,1909f56bfc062723c751e8b465ee728b)  -> (artifact id: 'ecebf8f778f896dc79e0c601d1a05be6') in 0.017174 seconds
Number of updated asset objects reloaded before import = 0
Number of asset objects unloaded after import = 10
========================================================================
Received Import Request.
  Time since last request: 0.000012 seconds.
  path: Assets/Food/cauliflower.fbx
  artifactKey: Guid(9c05858fe5732c24c973430369d6784c) Importer(815301076,1909f56bfc062723c751e8b465ee728b)
Start importing Assets/Food/cauliflower.fbx using Guid(9c05858fe5732c24c973430369d6784c) Importer(815301076,1909f56bfc062723c751e8b465ee728b)  -> (artifact id: '91b7d0b818d68f5f63ff474bcaad2730') in 0.018830 seconds
Number of updated asset objects reloaded before import = 0
Number of asset objects unloaded after import = 9
========================================================================
Received Import Request.
  Time since last request: 0.000019 seconds.
  path: Assets/Food/cheeseSlicer.fbx
  artifactKey: Guid(87c89185e5f672c4c89257311a453e25) Importer(815301076,1909f56bfc062723c751e8b465ee728b)
Start importing Assets/Food/cheeseSlicer.fbx using Guid(87c89185e5f672c4c89257311a453e25) Importer(815301076,1909f56bfc062723c751e8b465ee728b)  -> (artifact id: '74cbf4c9d8978da78a9ce791c1fda01d') in 0.015172 seconds
Number of updated asset objects reloaded before import = 0
Number of asset objects unloaded after import = 9
========================================================================
Received Import Request.
  Time since last request: 0.000011 seconds.
  path: Assets/Food/bottleOil.fbx
  artifactKey: Guid(085db171b78c46f4cbc36e78814c83ad) Importer(815301076,1909f56bfc062723c751e8b465ee728b)
Start importing Assets/Food/bottleOil.fbx using Guid(085db171b78c46f4cbc36e78814c83ad) Importer(815301076,1909f56bfc062723c751e8b465ee728b)  -> (artifact id: 'b23fb668f6950b75f19e4946497e7381') in 0.021081 seconds
Number of updated asset objects reloaded before import = 0
Number of asset objects unloaded after import = 10
========================================================================
Received Import Request.
  Time since last request: 0.000010 seconds.
  path: Assets/Food/chopstickFancy.fbx
  artifactKey: Guid(ce3f80d38a9c8f841a60ab21c829daaa) Importer(815301076,1909f56bfc062723c751e8b465ee728b)
Start importing Assets/Food/chopstickFancy.fbx using Guid(ce3f80d38a9c8f841a60ab21c829daaa) Importer(815301076,1909f56bfc062723c751e8b465ee728b)  -> (artifact id: '086c470c7ebfafff788c09a41834452d') in 0.015769 seconds
Number of updated asset objects reloaded before import = 0
Number of asset objects unloaded after import = 10
========================================================================
Received Import Request.
  Time since last request: 0.000008 seconds.
  path: Assets/Food/bacon.fbx
  artifactKey: Guid(9315220d289e7f7419856fe47ebe5e33) Importer(815301076,1909f56bfc062723c751e8b465ee728b)
Start importing Assets/Food/bacon.fbx using Guid(9315220d289e7f7419856fe47ebe5e33) Importer(815301076,1909f56bfc062723c751e8b465ee728b)  -> (artifact id: '9ae4762cd573adeeaea0f509a73ba032') in 0.013742 seconds
Number of updated asset objects reloaded before import = 0
Number of asset objects unloaded after import = 9
========================================================================
Received Import Request.
  Time since last request: 0.000009 seconds.
  path: Assets/Food/carton.fbx
  artifactKey: Guid(b32c2c593fe89c14688ce4f25bf570ae) Importer(815301076,1909f56bfc062723c751e8b465ee728b)
Start importing Assets/Food/carton.fbx using Guid(b32c2c593fe89c14688ce4f25bf570ae) Importer(815301076,1909f56bfc062723c751e8b465ee728b)  -> (artifact id: '1f1dff091faaf3aae2dc973132ea7850') in 0.017219 seconds
Number of updated asset objects reloaded before import = 0
Number of asset objects unloaded after import = 10
========================================================================
Received Import Request.
  Time since last request: 0.000010 seconds.
  path: Assets/Food/candyBarWrapper.fbx
  artifactKey: Guid(8189b704e0ac75d43901eeae808ccc9f) Importer(815301076,1909f56bfc062723c751e8b465ee728b)
Start importing Assets/Food/candyBarWrapper.fbx using Guid(8189b704e0ac75d43901eeae808ccc9f) Importer(815301076,1909f56bfc062723c751e8b465ee728b)  -> (artifact id: 'd1dd60274e8673e6f16452246a526351') in 0.018121 seconds
Number of updated asset objects reloaded before import = 0
Number of asset objects unloaded after import = 10
========================================================================
Received Import Request.
  Time since last request: 0.000009 seconds.
  path: Assets/Food/carrot.fbx
  artifactKey: Guid(10867c613b6ea6d4aaceb194187f733a) Importer(815301076,1909f56bfc062723c751e8b465ee728b)
Start importing Assets/Food/carrot.fbx using Guid(10867c613b6ea6d4aaceb194187f733a) Importer(815301076,1909f56bfc062723c751e8b465ee728b)  -> (artifact id: 'ee2b192330fa5959b002a6c7b9fae722') in 0.012948 seconds
Number of updated asset objects reloaded before import = 0
Number of asset objects unloaded after import = 9
========================================================================
Received Import Request.
  Time since last request: 0.000008 seconds.
  path: Assets/Food/cabbage.fbx
  artifactKey: Guid(e6c7f5acf883f9448bdf2660a29ce920) Importer(815301076,1909f56bfc062723c751e8b465ee728b)
Start importing Assets/Food/cabbage.fbx using Guid(e6c7f5acf883f9448bdf2660a29ce920) Importer(815301076,1909f56bfc062723c751e8b465ee728b)  -> (artifact id: '028b9dd09d9d147e3df2969f026a93a1') in 0.017570 seconds
Number of updated asset objects reloaded before import = 0
Number of asset objects unloaded after import = 9
========================================================================
Received Import Request.
  Time since last request: 0.000009 seconds.
  path: Assets/Food/baconRaw.fbx
  artifactKey: Guid(6fb96f748ae438f4aab52cf832b8657b) Importer(815301076,1909f56bfc062723c751e8b465ee728b)
Start importing Assets/Food/baconRaw.fbx using Guid(6fb96f748ae438f4aab52cf832b8657b) Importer(815301076,1909f56bfc062723c751e8b465ee728b)  -> (artifact id: '455ebdf98650533095f2f72fb203772c') in 0.015365 seconds
Number of updated asset objects reloaded before import = 0
Number of asset objects unloaded after import = 9
========================================================================
Received Import Request.
  Time since last request: 0.000036 seconds.
  path: Assets/Food/bag.fbx
  artifactKey: Guid(f4fae1c251dbd4f4f93421bd1e0ab639) Importer(815301076,1909f56bfc062723c751e8b465ee728b)
Start importing Assets/Food/bag.fbx using Guid(f4fae1c251dbd4f4f93421bd1e0ab639) Importer(815301076,1909f56bfc062723c751e8b465ee728b)  -> (artifact id: '056c76972ed472de97c0060e4568b793') in 0.011667 seconds
Number of updated asset objects reloaded before import = 0
Number of asset objects unloaded after import = 8
========================================================================
Received Import Request.
  Time since last request: 0.000009 seconds.
  path: Assets/Food/broccoli.fbx
  artifactKey: Guid(0afa7bac341ba7743a21bd33db6291b8) Importer(815301076,1909f56bfc062723c751e8b465ee728b)
Start importing Assets/Food/broccoli.fbx using Guid(0afa7bac341ba7743a21bd33db6291b8) Importer(815301076,1909f56bfc062723c751e8b465ee728b)  -> (artifact id: '1d6d007dfb88491b93303b77a647f721') in 0.014918 seconds
Number of updated asset objects reloaded before import = 0
Number of asset objects unloaded after import = 9
========================================================================
Received Import Request.
  Time since last request: 0.000009 seconds.
  path: Assets/Food/cake.fbx
  artifactKey: Guid(94e62d4360073c24b93325274bb5aeef) Importer(815301076,1909f56bfc062723c751e8b465ee728b)
Start importing Assets/Food/cake.fbx using Guid(94e62d4360073c24b93325274bb5aeef) Importer(815301076,1909f56bfc062723c751e8b465ee728b)  -> (artifact id: '00d2b7500b304c13fcdfeef0f378f4aa') in 0.050529 seconds
Number of updated asset objects reloaded before import = 0
Number of asset objects unloaded after import = 40
========================================================================
Received Import Request.
  Time since last request: 0.492247 seconds.
  path: Assets/Food/cookingKnifeChopping.fbx
  artifactKey: Guid(0de1943b97eccc642ac9caf75c5901db) Importer(815301076,1909f56bfc062723c751e8b465ee728b)
Start importing Assets/Food/cookingKnifeChopping.fbx using Guid(0de1943b97eccc642ac9caf75c5901db) Importer(815301076,1909f56bfc062723c751e8b465ee728b)  -> (artifact id: 'ab3b5c524f23d1ad0d1aae7ad2276e37') in 0.017938 seconds
Number of updated asset objects reloaded before import = 0
Number of asset objects unloaded after import = 10
========================================================================
Received Import Request.
  Time since last request: 0.000010 seconds.
  path: Assets/Food/cupcake.fbx
  artifactKey: Guid(bdb51e48c5bd13a4aa6e764240462e74) Importer(815301076,1909f56bfc062723c751e8b465ee728b)
Start importing Assets/Food/cupcake.fbx using Guid(bdb51e48c5bd13a4aa6e764240462e74) Importer(815301076,1909f56bfc062723c751e8b465ee728b)  -> (artifact id: 'e2fd32826771d704cd6a60eec6716148') in 0.034243 seconds
Number of updated asset objects reloaded before import = 0
Number of asset objects unloaded after import = 23
========================================================================
Received Import Request.
  Time since last request: 0.000010 seconds.
  path: Assets/Food/cuttingBoardJapanese.fbx
  artifactKey: Guid(92a427bf35a7d7c4c8733cf780bfabb4) Importer(815301076,1909f56bfc062723c751e8b465ee728b)
Start importing Assets/Food/cuttingBoardJapanese.fbx using Guid(92a427bf35a7d7c4c8733cf780bfabb4) Importer(815301076,1909f56bfc062723c751e8b465ee728b)  -> (artifact id: '142b0076e7662bcb1d238ece4c8a60bd') in 0.009724 seconds
Number of updated asset objects reloaded before import = 0
Number of asset objects unloaded after import = 8
========================================================================
Received Import Request.
  Time since last request: 0.000007 seconds.
  path: Assets/Food/cuttingBoard.fbx
  artifactKey: Guid(9a815ff4cc691f54f995c6df29c86244) Importer(815301076,1909f56bfc062723c751e8b465ee728b)
Start importing Assets/Food/cuttingBoard.fbx using Guid(9a815ff4cc691f54f995c6df29c86244) Importer(815301076,1909f56bfc062723c751e8b465ee728b)  -> (artifact id: 'b75f96e39dce27fd534f02999654fd5e') in 0.017006 seconds
Number of updated asset objects reloaded before import = 0
Number of asset objects unloaded after import = 9
========================================================================
Received Import Request.
  Time since last request: 0.000008 seconds.
  path: Assets/Food/dimSum.fbx
  artifactKey: Guid(eee251d7b6f6812488b8ddb218bf4752) Importer(815301076,1909f56bfc062723c751e8b465ee728b)
Start importing Assets/Food/dimSum.fbx using Guid(eee251d7b6f6812488b8ddb218bf4752) Importer(815301076,1909f56bfc062723c751e8b465ee728b)  -> (artifact id: 'f32ef5858264bccd9bbfa1dbf52ed68d') in 0.015114 seconds
Number of updated asset objects reloaded before import = 0
Number of asset objects unloaded after import = 9
========================================================================
Received Import Request.
  Time since last request: 0.000008 seconds.
  path: Assets/Food/egg.fbx
  artifactKey: Guid(605f05b03dedbd242b896c98d0ed614e) Importer(815301076,1909f56bfc062723c751e8b465ee728b)
Start importing Assets/Food/egg.fbx using Guid(605f05b03dedbd242b896c98d0ed614e) Importer(815301076,1909f56bfc062723c751e8b465ee728b)  -> (artifact id: '2ab96c40ddf7f00a858ca948115bbe41') in 0.014360 seconds
Number of updated asset objects reloaded before import = 0
Number of asset objects unloaded after import = 8
========================================================================
Received Import Request.
  Time since last request: 0.000046 seconds.
  path: Assets/Food/cupSaucer.fbx
  artifactKey: Guid(ecd978d6a13c2cf4caaccc6cbf03702b) Importer(815301076,1909f56bfc062723c751e8b465ee728b)
Start importing Assets/Food/cupSaucer.fbx using Guid(ecd978d6a13c2cf4caaccc6cbf03702b) Importer(815301076,1909f56bfc062723c751e8b465ee728b)  -> (artifact id: 'eeb7985cf3a8617bf84892f113388c10') in 0.010682 seconds
Number of updated asset objects reloaded before import = 0
Number of asset objects unloaded after import = 8
========================================================================
Received Import Request.
  Time since last request: 0.000008 seconds.
  path: Assets/Food/eggplant.fbx
  artifactKey: Guid(d4f6c2cb582276642bed13636e35befd) Importer(815301076,1909f56bfc062723c751e8b465ee728b)
Start importing Assets/Food/eggplant.fbx using Guid(d4f6c2cb582276642bed13636e35befd) Importer(815301076,1909f56bfc062723c751e8b465ee728b)  -> (artifact id: '25217c1a7ebea65c9fdd56de36e88547') in 0.012054 seconds
Number of updated asset objects reloaded before import = 0
Number of asset objects unloaded after import = 9
========================================================================
Received Import Request.
  Time since last request: 0.000009 seconds.
  path: Assets/Food/donutSprinkles.fbx
  artifactKey: Guid(74554bfdde5588a4784557851032ebde) Importer(815301076,1909f56bfc062723c751e8b465ee728b)
Start importing Assets/Food/donutSprinkles.fbx using Guid(74554bfdde5588a4784557851032ebde) Importer(815301076,1909f56bfc062723c751e8b465ee728b)  -> (artifact id: '68f67585ec475c340b9e602891d6e6cd') in 0.021056 seconds
Number of updated asset objects reloaded before import = 0
Number of asset objects unloaded after import = 12
========================================================================
Received Import Request.
  Time since last request: 0.000016 seconds.
  path: Assets/Food/eggCup.fbx
  artifactKey: Guid(a58ee22e75229ab4999994213ac6c46a) Importer(815301076,1909f56bfc062723c751e8b465ee728b)
Start importing Assets/Food/eggCup.fbx using Guid(a58ee22e75229ab4999994213ac6c46a) Importer(815301076,1909f56bfc062723c751e8b465ee728b)  -> (artifact id: '0c752e54eff0a119737c0eae5ac59868') in 0.015719 seconds
Number of updated asset objects reloaded before import = 0
Number of asset objects unloaded after import = 9
========================================================================
Received Import Request.
  Time since last request: 0.000007 seconds.
  path: Assets/Food/croissant.fbx
  artifactKey: Guid(9c6f4d83746b7c24f8727938fd101221) Importer(815301076,1909f56bfc062723c751e8b465ee728b)
Start importing Assets/Food/croissant.fbx using Guid(9c6f4d83746b7c24f8727938fd101221) Importer(815301076,1909f56bfc062723c751e8b465ee728b)  -> (artifact id: '2c726a36980baebe394d2c4db606ff58') in 0.010967 seconds
Number of updated asset objects reloaded before import = 0
Number of asset objects unloaded after import = 8
========================================================================
Received Import Request.
  Time since last request: 0.000008 seconds.
  path: Assets/Food/cornDog.fbx
  artifactKey: Guid(962e740c61f9dd94885051795aaeefa2) Importer(815301076,1909f56bfc062723c751e8b465ee728b)
Start importing Assets/Food/cornDog.fbx using Guid(962e740c61f9dd94885051795aaeefa2) Importer(815301076,1909f56bfc062723c751e8b465ee728b)  -> (artifact id: 'ed7fb87daf3f3e97a58bbb6dec4047bd') in 0.024514 seconds
Number of updated asset objects reloaded before import = 0
Number of asset objects unloaded after import = 14
========================================================================
Received Import Request.
  Time since last request: 0.000008 seconds.
  path: Assets/Food/cookingSpatula.fbx
  artifactKey: Guid(51d5968c216ff314088957d8df8f1228) Importer(815301076,1909f56bfc062723c751e8b465ee728b)
Start importing Assets/Food/cookingSpatula.fbx using Guid(51d5968c216ff314088957d8df8f1228) Importer(815301076,1909f56bfc062723c751e8b465ee728b)  -> (artifact id: '3133493164558d45640fd41fd27f203f') in 0.012142 seconds
Number of updated asset objects reloaded before import = 0
Number of asset objects unloaded after import = 9
========================================================================
Received Import Request.
  Time since last request: 0.066200 seconds.
  path: Assets/Food/fries.fbx
  artifactKey: Guid(f736c2af596acf145b79b86dbdafdf21) Importer(815301076,1909f56bfc062723c751e8b465ee728b)
Start importing Assets/Food/fries.fbx using Guid(f736c2af596acf145b79b86dbdafdf21) Importer(815301076,1909f56bfc062723c751e8b465ee728b)  -> (artifact id: 'bb8bb21831615615be39573ab34927fc') in 0.019750 seconds
Number of updated asset objects reloaded before import = 0
Number of asset objects unloaded after import = 14
========================================================================
Received Import Request.
  Time since last request: 0.000009 seconds.
  path: Assets/Food/friesEmpty.fbx
  artifactKey: Guid(ad8cb7c6a61cbe24a96e46a3fc42adb4) Importer(815301076,1909f56bfc062723c751e8b465ee728b)
Start importing Assets/Food/friesEmpty.fbx using Guid(ad8cb7c6a61cbe24a96e46a3fc42adb4) Importer(815301076,1909f56bfc062723c751e8b465ee728b)  -> (artifact id: '19962eb9093c14714917e7de643ca859') in 0.014497 seconds
Number of updated asset objects reloaded before import = 0
Number of asset objects unloaded after import = 9
========================================================================
Received Import Request.
  Time since last request: 0.000012 seconds.
  path: Assets/Food/lemonHalf.fbx
  artifactKey: Guid(6b9f11641e88a2c4f91d2b9989e5c433) Importer(815301076,1909f56bfc062723c751e8b465ee728b)
Start importing Assets/Food/lemonHalf.fbx using Guid(6b9f11641e88a2c4f91d2b9989e5c433) Importer(815301076,1909f56bfc062723c751e8b465ee728b)  -> (artifact id: '949acdbae82639802beb1540dfe6ed2f') in 0.021734 seconds
Number of updated asset objects reloaded before import = 0
Number of asset objects unloaded after import = 10
========================================================================
Received Import Request.
  Time since last request: 0.000009 seconds.
  path: Assets/Food/meatPatty.fbx
  artifactKey: Guid(aff40345a62cbc94da15f8a7d9726b70) Importer(815301076,1909f56bfc062723c751e8b465ee728b)
Start importing Assets/Food/meatPatty.fbx using Guid(aff40345a62cbc94da15f8a7d9726b70) Importer(815301076,1909f56bfc062723c751e8b465ee728b)  -> (artifact id: '03f558a8dbdf98141c7a9812e90651dc') in 0.014095 seconds
Number of updated asset objects reloaded before import = 0
Number of asset objects unloaded after import = 9
========================================================================
Received Import Request.
  Time since last request: 0.000008 seconds.
  path: Assets/Food/meatRibs.fbx
  artifactKey: Guid(bee0aa3a047b2494d9a58d819c411604) Importer(815301076,1909f56bfc062723c751e8b465ee728b)
Start importing Assets/Food/meatRibs.fbx using Guid(bee0aa3a047b2494d9a58d819c411604) Importer(815301076,1909f56bfc062723c751e8b465ee728b)  -> (artifact id: '2e439cd9029e87d8e635dd463f179d8c') in 0.014657 seconds
Number of updated asset objects reloaded before import = 0
Number of asset objects unloaded after import = 9
========================================================================
Received Import Request.
  Time since last request: 0.000009 seconds.
  path: Assets/Food/gingerBreadCutter.fbx
  artifactKey: Guid(2363ed7e4aeb7a5469b790a96827929f) Importer(815301076,1909f56bfc062723c751e8b465ee728b)
Start importing Assets/Food/gingerBreadCutter.fbx using Guid(2363ed7e4aeb7a5469b790a96827929f) Importer(815301076,1909f56bfc062723c751e8b465ee728b)  -> (artifact id: '40db232e2bb92b87c85b5861ac50295d') in 0.009973 seconds
Number of updated asset objects reloaded before import = 0
Number of asset objects unloaded after import = 8
========================================================================
Received Import Request.
  Time since last request: 0.000015 seconds.
  path: Assets/Food/makiSalmon.fbx
  artifactKey: Guid(62615aa841e9c0a40980acfd822ecf69) Importer(815301076,1909f56bfc062723c751e8b465ee728b)
Start importing Assets/Food/makiSalmon.fbx using Guid(62615aa841e9c0a40980acfd822ecf69) Importer(815301076,1909f56bfc062723c751e8b465ee728b)  -> (artifact id: '7ae213c77dd4ec1e3e47a0d9af21665d') in 0.017397 seconds
Number of updated asset objects reloaded before import = 0
Number of asset objects unloaded after import = 10
========================================================================
Received Import Request.
  Time since last request: 0.000008 seconds.
  path: Assets/Food/meatSausage.fbx
  artifactKey: Guid(f2e677ff22042a24ca5bf8f8b4ab43e2) Importer(815301076,1909f56bfc062723c751e8b465ee728b)
Start importing Assets/Food/meatSausage.fbx using Guid(f2e677ff22042a24ca5bf8f8b4ab43e2) Importer(815301076,1909f56bfc062723c751e8b465ee728b)  -> (artifact id: '41111f579d2ee76599e54448400110ec') in 0.009455 seconds
Number of updated asset objects reloaded before import = 0
Number of asset objects unloaded after import = 8
========================================================================
Received Import Request.
  Time since last request: 0.000007 seconds.
  path: Assets/Food/lemon.fbx
  artifactKey: Guid(65ca9c9c737ac2b48b5e3c1472efab5b) Importer(815301076,1909f56bfc062723c751e8b465ee728b)
Start importing Assets/Food/lemon.fbx using Guid(65ca9c9c737ac2b48b5e3c1472efab5b) Importer(815301076,1909f56bfc062723c751e8b465ee728b)  -> (artifact id: '051db2ca8853de76ae442020f352af6b') in 0.011936 seconds
Number of updated asset objects reloaded before import = 0
Number of asset objects unloaded after import = 9
========================================================================
Received Import Request.
  Time since last request: 0.000042 seconds.
  path: Assets/Food/meatCooked.fbx
  artifactKey: Guid(ee67056c48e7a4841aede70a4f70f0e6) Importer(815301076,1909f56bfc062723c751e8b465ee728b)
Start importing Assets/Food/meatCooked.fbx using Guid(ee67056c48e7a4841aede70a4f70f0e6) Importer(815301076,1909f56bfc062723c751e8b465ee728b)  -> (artifact id: 'a3e35e296c93e3d5da0325c498b71860') in 0.023892 seconds
Number of updated asset objects reloaded before import = 0
Number of asset objects unloaded after import = 11
========================================================================
Received Import Request.
  Time since last request: 0.000010 seconds.
  path: Assets/Food/hotDog.fbx
  artifactKey: Guid(c64fc97c2a89105409d310aa44c50a65) Importer(815301076,1909f56bfc062723c751e8b465ee728b)
Start importing Assets/Food/hotDog.fbx using Guid(c64fc97c2a89105409d310aa44c50a65) Importer(815301076,1909f56bfc062723c751e8b465ee728b)  -> (artifact id: 'd75e425d5fc47d925daba7c8ded3cec5') in 0.024402 seconds
Number of updated asset objects reloaded before import = 0
Number of asset objects unloaded after import = 21
========================================================================
Received Import Request.
  Time since last request: 0.000008 seconds.
  path: Assets/Food/gingerBread.fbx
  artifactKey: Guid(15c15682ac589094ab2b51c3322c6aac) Importer(815301076,1909f56bfc062723c751e8b465ee728b)
Start importing Assets/Food/gingerBread.fbx using Guid(15c15682ac589094ab2b51c3322c6aac) Importer(815301076,1909f56bfc062723c751e8b465ee728b)  -> (artifact id: '2fa27d75814413813360f120e1a865dc') in 0.014656 seconds
Number of updated asset objects reloaded before import = 0
Number of asset objects unloaded after import = 9
========================================================================
Received Import Request.
  Time since last request: 0.000011 seconds.
  path: Assets/Food/fryingPan.fbx
  artifactKey: Guid(d159b376b84aca643b735556fc6bb673) Importer(815301076,1909f56bfc062723c751e8b465ee728b)
Start importing Assets/Food/fryingPan.fbx using Guid(d159b376b84aca643b735556fc6bb673) Importer(815301076,1909f56bfc062723c751e8b465ee728b)  -> (artifact id: '1aa77aaba2004cd65d6c1172fda25fac') in 0.013198 seconds
Number of updated asset objects reloaded before import = 0
Number of asset objects unloaded after import = 9
========================================================================
Received Import Request.
  Time since last request: 0.000008 seconds.
  path: Assets/Food/iceCreamScoopMint.fbx
  artifactKey: Guid(9d4f57cc073bc264ab7ea0852a7c2f97) Importer(815301076,1909f56bfc062723c751e8b465ee728b)
Start importing Assets/Food/iceCreamScoopMint.fbx using Guid(9d4f57cc073bc264ab7ea0852a7c2f97) Importer(815301076,1909f56bfc062723c751e8b465ee728b)  -> (artifact id: '3dab0d363318db3c6bc3db2eb1b73bb9') in 0.012056 seconds
Number of updated asset objects reloaded before import = 0
Number of asset objects unloaded after import = 8
========================================================================
Received Import Request.
  Time since last request: 0.000008 seconds.
  path: Assets/Food/iceCream.fbx
  artifactKey: Guid(8d32800c8fbb7074489dea95a9d75bec) Importer(815301076,1909f56bfc062723c751e8b465ee728b)
Start importing Assets/Food/iceCream.fbx using Guid(8d32800c8fbb7074489dea95a9d75bec) Importer(815301076,1909f56bfc062723c751e8b465ee728b)  -> (artifact id: '7d8a8c6cf4f219f78ce5cc5b23c8a8ea') in 0.016304 seconds
Number of updated asset objects reloaded before import = 0
Number of asset objects unloaded after import = 9
========================================================================
Received Import Request.
  Time since last request: 0.000010 seconds.
  path: Assets/Food/mortar.fbx
  artifactKey: Guid(d9abe9af154b3a746a1b3fd92fab2cc4) Importer(815301076,1909f56bfc062723c751e8b465ee728b)
Start importing Assets/Food/mortar.fbx using Guid(d9abe9af154b3a746a1b3fd92fab2cc4) Importer(815301076,1909f56bfc062723c751e8b465ee728b)  -> (artifact id: 'f12f4b0835f27b04816e945d6681afd1') in 0.013933 seconds
Number of updated asset objects reloaded before import = 0
Number of asset objects unloaded after import = 8
========================================================================
Received Import Request.
  Time since last request: 0.000010 seconds.
  path: Assets/Food/glassWine.fbx
  artifactKey: Guid(8edfd2ad445ff054eb4b8ba9a7eb0b3a) Importer(815301076,1909f56bfc062723c751e8b465ee728b)
Start importing Assets/Food/glassWine.fbx using Guid(8edfd2ad445ff054eb4b8ba9a7eb0b3a) Importer(815301076,1909f56bfc062723c751e8b465ee728b)  -> (artifact id: '3c855a320f23d9e21874d89bae86e90f') in 0.155506 seconds
Number of updated asset objects reloaded before import = 0
Number of asset objects unloaded after import = 9
========================================================================
Received Import Request.
  Time since last request: 0.000013 seconds.
  path: Assets/Food/pot.fbx
  artifactKey: Guid(0406aeecc30d3994dafdb819baabb565) Importer(815301076,1909f56bfc062723c751e8b465ee728b)
Start importing Assets/Food/pot.fbx using Guid(0406aeecc30d3994dafdb819baabb565) Importer(815301076,1909f56bfc062723c751e8b465ee728b)  -> (artifact id: '715df29ad043cd4ca27d2e9ba320b290') in 0.013310 seconds
Number of updated asset objects reloaded before import = 0
Number of asset objects unloaded after import = 9
========================================================================
Received Import Request.
  Time since last request: 0.000013 seconds.
  path: Assets/Food/pizzaCutter.fbx
  artifactKey: Guid(f11aec693fe2d8e4082cf3fd6b6df754) Importer(815301076,1909f56bfc062723c751e8b465ee728b)
Start importing Assets/Food/pizzaCutter.fbx using Guid(f11aec693fe2d8e4082cf3fd6b6df754) Importer(815301076,1909f56bfc062723c751e8b465ee728b)  -> (artifact id: '71baba7e2d652c2b7189135dda03f6a6') in 0.027191 seconds
Number of updated asset objects reloaded before import = 0
Number of asset objects unloaded after import = 11
========================================================================
Received Import Request.
  Time since last request: 0.000009 seconds.
  path: Assets/Food/pizza.fbx
  artifactKey: Guid(72ef54b4db4614143acf8e91bd7ee537) Importer(815301076,1909f56bfc062723c751e8b465ee728b)
Start importing Assets/Food/pizza.fbx using Guid(72ef54b4db4614143acf8e91bd7ee537) Importer(815301076,1909f56bfc062723c751e8b465ee728b)  -> (artifact id: '57e1d5513d0388025c505961ef8c99c2') in 0.066194 seconds
Number of updated asset objects reloaded before import = 0
Number of asset objects unloaded after import = 49
========================================================================
Received Import Request.
  Time since last request: 0.000009 seconds.
  path: Assets/Food/pan.fbx
  artifactKey: Guid(e4b72216d8e0b88489ef986a6566b356) Importer(815301076,1909f56bfc062723c751e8b465ee728b)
Start importing Assets/Food/pan.fbx using Guid(e4b72216d8e0b88489ef986a6566b356) Importer(815301076,1909f56bfc062723c751e8b465ee728b)  -> (artifact id: 'ff1302426642a072e0e913bccebf0633') in 0.014501 seconds
Number of updated asset objects reloaded before import = 0
Number of asset objects unloaded after import = 9
========================================================================
Received Import Request.
  Time since last request: 0.000035 seconds.
  path: Assets/Food/paprika.fbx
  artifactKey: Guid(8875a9518eef7584c9477b15a5260551) Importer(815301076,1909f56bfc062723c751e8b465ee728b)
Start importing Assets/Food/paprika.fbx using Guid(8875a9518eef7584c9477b15a5260551) Importer(815301076,1909f56bfc062723c751e8b465ee728b)  -> (artifact id: 'f940d32a3d24c24d9a6bce5a9bdfa5c6') in 0.017959 seconds
Number of updated asset objects reloaded before import = 0
Number of asset objects unloaded after import = 9
========================================================================
Received Import Request.
  Time since last request: 0.142014 seconds.
  path: Assets/Food/riceBall.fbx
  artifactKey: Guid(4aa832e67ec992a46a3d6ae69e48b8f0) Importer(815301076,1909f56bfc062723c751e8b465ee728b)
Start importing Assets/Food/riceBall.fbx using Guid(4aa832e67ec992a46a3d6ae69e48b8f0) Importer(815301076,1909f56bfc062723c751e8b465ee728b)  -> (artifact id: '7586b7768ebe3433cea293984ed8bf39') in 0.014881 seconds
Number of updated asset objects reloaded before import = 0
Number of asset objects unloaded after import = 9
========================================================================
Received Import Request.
  Time since last request: 0.000009 seconds.
  path: Assets/Food/salad.fbx
  artifactKey: Guid(3739cdfa0895b5a44a651b9d6dc71623) Importer(815301076,1909f56bfc062723c751e8b465ee728b)
Start importing Assets/Food/salad.fbx using Guid(3739cdfa0895b5a44a651b9d6dc71623) Importer(815301076,1909f56bfc062723c751e8b465ee728b)  -> (artifact id: '04ed7740d9970033499aae58c4ada96b') in 0.017861 seconds
Number of updated asset objects reloaded before import = 0
Number of asset objects unloaded after import = 11
========================================================================
Received Import Request.
  Time since last request: 0.000008 seconds.
  path: Assets/Food/styrofoamDinner.fbx
  artifactKey: Guid(80b75a9b7f799e940aae0e1f0eb6733a) Importer(815301076,1909f56bfc062723c751e8b465ee728b)
Start importing Assets/Food/styrofoamDinner.fbx using Guid(80b75a9b7f799e940aae0e1f0eb6733a) Importer(815301076,1909f56bfc062723c751e8b465ee728b)  -> (artifact id: '55c79a406eb768532e7949b64f4f0cd5') in 0.028865 seconds
Number of updated asset objects reloaded before import = 0
Number of asset objects unloaded after import = 17
========================================================================
Received Import Request.
  Time since last request: 0.000009 seconds.
  path: Assets/Food/sub.fbx
  artifactKey: Guid(174c127c4f382184ea85e0dc7f0c0cad) Importer(815301076,1909f56bfc062723c751e8b465ee728b)
Start importing Assets/Food/sub.fbx using Guid(174c127c4f382184ea85e0dc7f0c0cad) Importer(815301076,1909f56bfc062723c751e8b465ee728b)  -> (artifact id: '5f89ee24719604e64d42428309389c8a') in 0.059480 seconds
Number of updated asset objects reloaded before import = 0
Number of asset objects unloaded after import = 43
========================================================================
Received Import Request.
  Time since last request: 0.000011 seconds.
  path: Assets/Food/sausage.fbx
  artifactKey: Guid(92f8339b5122fb24b9a2816788b1e392) Importer(815301076,1909f56bfc062723c751e8b465ee728b)
Start importing Assets/Food/sausage.fbx using Guid(92f8339b5122fb24b9a2816788b1e392) Importer(815301076,1909f56bfc062723c751e8b465ee728b)  -> (artifact id: '624bd3e2cf0a93208f78a2aee8daea01') in 0.016805 seconds
Number of updated asset objects reloaded before import = 0
Number of asset objects unloaded after import = 8
========================================================================
Received Import Request.
  Time since last request: 0.000014 seconds.
  path: Assets/Food/sausageHalf.fbx
  artifactKey: Guid(c1e177281eea701439fc5d18a431c22d) Importer(815301076,1909f56bfc062723c751e8b465ee728b)
Start importing Assets/Food/sausageHalf.fbx using Guid(c1e177281eea701439fc5d18a431c22d) Importer(815301076,1909f56bfc062723c751e8b465ee728b)  -> (artifact id: '9f52a9b2fc68e6f9d6bba402dc48f45f') in 0.026644 seconds
Number of updated asset objects reloaded before import = 0
Number of asset objects unloaded after import = 10
========================================================================
Received Import Request.
  Time since last request: 0.183790 seconds.
  path: Assets/Food/tajineLid.fbx
  artifactKey: Guid(33098a8a62f002a44ad0cf715b876bc1) Importer(815301076,1909f56bfc062723c751e8b465ee728b)
Start importing Assets/Food/tajineLid.fbx using Guid(33098a8a62f002a44ad0cf715b876bc1) Importer(815301076,1909f56bfc062723c751e8b465ee728b)  -> (artifact id: '2e12f8d4fc5d6ece8b5442d4717586b5') in 0.015984 seconds
Number of updated asset objects reloaded before import = 0
Number of asset objects unloaded after import = 10
========================================================================
Received Import Request.
  Time since last request: 0.000008 seconds.
  path: Assets/Food/utensilFork.fbx
  artifactKey: Guid(82634cb50936abd4ebb7b82188724a6d) Importer(815301076,1909f56bfc062723c751e8b465ee728b)
Start importing Assets/Food/utensilFork.fbx using Guid(82634cb50936abd4ebb7b82188724a6d) Importer(815301076,1909f56bfc062723c751e8b465ee728b)  -> (artifact id: 'ebded7f8e0bde1f9f50db6692260433f') in 0.009529 seconds
Number of updated asset objects reloaded before import = 0
Number of asset objects unloaded after import = 8
========================================================================
Received Import Request.
  Time since last request: 0.000010 seconds.
  path: Assets/Food/whippedCream.fbx
  artifactKey: Guid(908bf17db435cfb4983379c0179ca7da) Importer(815301076,1909f56bfc062723c751e8b465ee728b)
Start importing Assets/Food/whippedCream.fbx using Guid(908bf17db435cfb4983379c0179ca7da) Importer(815301076,1909f56bfc062723c751e8b465ee728b)  -> (artifact id: '15467c8a4395be3dc2fe89ef7da20d29') in 0.015171 seconds
Number of updated asset objects reloaded before import = 0
Number of asset objects unloaded after import = 8
========================================================================
Received Import Request.
  Time since last request: 0.000013 seconds.
  path: Assets/Food/wholeHam.fbx
  artifactKey: Guid(7e0470448ae64144cbdb39b4fbf77327) Importer(815301076,1909f56bfc062723c751e8b465ee728b)
Start importing Assets/Food/wholeHam.fbx using Guid(7e0470448ae64144cbdb39b4fbf77327) Importer(815301076,1909f56bfc062723c751e8b465ee728b)  -> (artifact id: 'b263905e8627926169f5b3bb3d6468f9') in 0.016344 seconds
Number of updated asset objects reloaded before import = 0
Number of asset objects unloaded after import = 11
========================================================================
Received Import Request.
  Time since last request: 0.000007 seconds.
  path: Assets/Food/wineRed.fbx
  artifactKey: Guid(e892c54dabc02154eacefd4c2203b9f0) Importer(815301076,1909f56bfc062723c751e8b465ee728b)
Start importing Assets/Food/wineRed.fbx using Guid(e892c54dabc02154eacefd4c2203b9f0) Importer(815301076,1909f56bfc062723c751e8b465ee728b)  -> (artifact id: '960981b3eb95786a3a07d36494e1d9c9') in 0.021697 seconds
Number of updated asset objects reloaded before import = 0
Number of asset objects unloaded after import = 11
